# JRE version: OpenJDK Runtime Environment (8.0_212-b04) (build 1.8.0_212-release-1586-b04)
# Java VM: OpenJDK 64-Bit Server VM (25.212-b04 mixed mode windows-amd64 compressed oops)
Heap:
 PSYoungGen      total 475648K, used 422211K [0x00000000e0000000, 0x0000000100000000, 0x0000000100000000)
  eden space 444416K, 87% used [0x00000000e0000000,0x00000000f7dd3868,0x00000000fb200000)
  from space 31232K, 99% used [0x00000000fe180000,0x00000000ffffd568,0x0000000100000000)
  to   space 39936K, 0% used [0x00000000fb200000,0x00000000fb200000,0x00000000fd900000)
 ParOldGen       total 289792K, used 73969K [0x00000000a0000000, 0x00000000b1b00000, 0x00000000e0000000)
  object space 289792K, 25% used [0x00000000a0000000,0x00000000a483c588,0x00000000b1b00000)
 Metaspace       used 119495K, capacity 124886K, committed 125080K, reserved 1157120K
  class space    used 15615K, capacity 16785K, committed 16792K, reserved 1048576K
GC Heap History (10 events):
Event: 3975.618 GC heap before
{Heap before GC invocations=14 (full 3):
 PSYoungGen      total 420352K, used 420180K [0x00000000e0000000, 0x00000000fc400000, 0x0000000100000000)
  eden space 391168K, 99% used [0x00000000e0000000,0x00000000f7ddbd58,0x00000000f7e00000)
  from space 29184K, 99% used [0x00000000fa700000,0x00000000fc379480,0x00000000fc380000)
  to   space 35840K, 0% used [0x00000000f7e00000,0x00000000f7e00000,0x00000000fa100000)
 ParOldGen       total 201728K, used 45863K [0x00000000a0000000, 0x00000000ac500000, 0x00000000e0000000)
  object space 201728K, 22% used [0x00000000a0000000,0x00000000a2cc9c40,0x00000000ac500000)
 Metaspace       used 92010K, capacity 96326K, committed 96664K, reserved 1132544K
  class space    used 12241K, capacity 13130K, committed 13208K, reserved 1048576K
Event: 3975.647 GC heap after
Heap after GC invocations=14 (full 3):
 PSYoungGen      total 427008K, used 14694K [0x00000000e0000000, 0x00000000ffe80000, 0x0000000100000000)
  eden space 391168K, 0% used [0x00000000e0000000,0x00000000e0000000,0x00000000f7e00000)
  from space 35840K, 40% used [0x00000000f7e00000,0x00000000f8c59940,0x00000000fa100000)
  to   space 34304K, 0% used [0x00000000fdd00000,0x00000000fdd00000,0x00000000ffe80000)
 ParOldGen       total 201728K, used 71092K [0x00000000a0000000, 0x00000000ac500000, 0x00000000e0000000)
  object space 201728K, 35% used [0x00000000a0000000,0x00000000a456d278,0x00000000ac500000)
 Metaspace       used 92010K, capacity 96326K, committed 96664K, reserved 1132544K
  class space    used 12241K, capacity 13130K, committed 13208K, reserved 1048576K
}
Event: 3977.667 GC heap before
{Heap before GC invocations=15 (full 3):
 PSYoungGen      total 427008K, used 405862K [0x00000000e0000000, 0x00000000ffe80000, 0x0000000100000000)
  eden space 391168K, 100% used [0x00000000e0000000,0x00000000f7e00000,0x00000000f7e00000)
  from space 35840K, 40% used [0x00000000f7e00000,0x00000000f8c59940,0x00000000fa100000)
  to   space 34304K, 0% used [0x00000000fdd00000,0x00000000fdd00000,0x00000000ffe80000)
 ParOldGen       total 201728K, used 71092K [0x00000000a0000000, 0x00000000ac500000, 0x00000000e0000000)
  object space 201728K, 35% used [0x00000000a0000000,0x00000000a456d278,0x00000000ac500000)
 Metaspace       used 92537K, capacity 96840K, committed 96920K, reserved 1132544K
  class space    used 12295K, capacity 13187K, committed 13208K, reserved 1048576K
Event: 3977.679 GC heap after
Heap after GC invocations=15 (full 3):
 PSYoungGen      total 473088K, used 14167K [0x00000000e0000000, 0x00000000ff580000, 0x0000000100000000)
  eden space 448000K, 0% used [0x00000000e0000000,0x00000000e0000000,0x00000000fb580000)
  from space 25088K, 56% used [0x00000000fdd00000,0x00000000fead5e60,0x00000000ff580000)
  to   space 32768K, 0% used [0x00000000fb580000,0x00000000fb580000,0x00000000fd580000)
 ParOldGen       total 201728K, used 71100K [0x00000000a0000000, 0x00000000ac500000, 0x00000000e0000000)
  object space 201728K, 35% used [0x00000000a0000000,0x00000000a456f278,0x00000000ac500000)
 Metaspace       used 92537K, capacity 96840K, committed 96920K, reserved 1132544K
  class space    used 12295K, capacity 13187K, committed 13208K, reserved 1048576K
}
Event: 3977.835 GC heap before
{Heap before GC invocations=16 (full 3):
 PSYoungGen      total 473088K, used 41314K [0x00000000e0000000, 0x00000000ff580000, 0x0000000100000000)
  eden space 448000K, 6% used [0x00000000e0000000,0x00000000e1a82d78,0x00000000fb580000)
  from space 25088K, 56% used [0x00000000fdd00000,0x00000000fead5e60,0x00000000ff580000)
  to   space 32768K, 0% used [0x00000000fb580000,0x00000000fb580000,0x00000000fd580000)
 ParOldGen       total 201728K, used 71100K [0x00000000a0000000, 0x00000000ac500000, 0x00000000e0000000)
  object space 201728K, 35% used [0x00000000a0000000,0x00000000a456f278,0x00000000ac500000)
 Metaspace       used 94194K, capacity 98510K, committed 98600K, reserved 1134592K
  class space    used 12527K, capacity 13444K, committed 13464K, reserved 1048576K
Event: 3977.844 GC heap after
Heap after GC invocations=16 (full 3):
 PSYoungGen      total 480768K, used 15950K [0x00000000e0000000, 0x0000000100000000, 0x0000000100000000)
  eden space 448000K, 0% used [0x00000000e0000000,0x00000000e0000000,0x00000000fb580000)
  from space 32768K, 48% used [0x00000000fb580000,0x00000000fc513ae8,0x00000000fd580000)
  to   space 31232K, 0% used [0x00000000fe180000,0x00000000fe180000,0x0000000100000000)
 ParOldGen       total 201728K, used 71100K [0x00000000a0000000, 0x00000000ac500000, 0x00000000e0000000)
  object space 201728K, 35% used [0x00000000a0000000,0x00000000a456f278,0x00000000ac500000)
 Metaspace       used 94194K, capacity 98510K, committed 98600K, reserved 1134592K
  class space    used 12527K, capacity 13444K, committed 13464K, reserved 1048576K
}
Event: 3977.844 GC heap before
{Heap before GC invocations=17 (full 4):
 PSYoungGen      total 480768K, used 15950K [0x00000000e0000000, 0x0000000100000000, 0x0000000100000000)
  eden space 448000K, 0% used [0x00000000e0000000,0x00000000e0000000,0x00000000fb580000)
  from space 32768K, 48% used [0x00000000fb580000,0x00000000fc513ae8,0x00000000fd580000)
  to   space 31232K, 0% used [0x00000000fe180000,0x00000000fe180000,0x0000000100000000)
 ParOldGen       total 201728K, used 71100K [0x00000000a0000000, 0x00000000ac500000, 0x00000000e0000000)
  object space 201728K, 35% used [0x00000000a0000000,0x00000000a456f278,0x00000000ac500000)
 Metaspace       used 94194K, capacity 98510K, committed 98600K, reserved 1134592K
  class space    used 12527K, capacity 13444K, committed 13464K, reserved 1048576K
Event: 3978.040 GC heap after
Heap after GC invocations=17 (full 4):
 PSYoungGen      total 480768K, used 0K [0x00000000e0000000, 0x0000000100000000, 0x0000000100000000)
  eden space 448000K, 0% used [0x00000000e0000000,0x00000000e0000000,0x00000000fb580000)
  from space 32768K, 0% used [0x00000000fb580000,0x00000000fb580000,0x00000000fd580000)
  to   space 31232K, 0% used [0x00000000fe180000,0x00000000fe180000,0x0000000100000000)
 ParOldGen       total 289792K, used 62088K [0x00000000a0000000, 0x00000000b1b00000, 0x00000000e0000000)
  object space 289792K, 21% used [0x00000000a0000000,0x00000000a3ca2358,0x00000000b1b00000)
 Metaspace       used 93940K, capacity 97888K, committed 98600K, reserved 1134592K
  class space    used 12455K, capacity 13302K, committed 13464K, reserved 1048576K
}
Event: 4312.080 GC heap before
{Heap before GC invocations=18 (full 4):
 PSYoungGen      total 480768K, used 448000K [0x00000000e0000000, 0x0000000100000000, 0x0000000100000000)
  eden space 448000K, 100% used [0x00000000e0000000,0x00000000fb580000,0x00000000fb580000)
  from space 32768K, 0% used [0x00000000fb580000,0x00000000fb580000,0x00000000fd580000)
  to   space 31232K, 0% used [0x00000000fe180000,0x00000000fe180000,0x0000000100000000)
 ParOldGen       total 289792K, used 62088K [0x00000000a0000000, 0x00000000b1b00000, 0x00000000e0000000)
  object space 289792K, 21% used [0x00000000a0000000,0x00000000a3ca2358,0x00000000b1b00000)
 Metaspace       used 105380K, capacity 109828K, committed 110104K, reserved 1144832K
  class space    used 13665K, capacity 14605K, committed 14616K, reserved 1048576K
Event: 4312.113 GC heap after
Heap after GC invocations=18 (full 4):
 PSYoungGen      total 475648K, used 31221K [0x00000000e0000000, 0x0000000100000000, 0x0000000100000000)
  eden space 444416K, 0% used [0x00000000e0000000,0x00000000e0000000,0x00000000fb200000)
  from space 31232K, 99% used [0x00000000fe180000,0x00000000ffffd568,0x0000000100000000)
  to   space 39936K, 0% used [0x00000000fb200000,0x00000000fb200000,0x00000000fd900000)
 ParOldGen       total 289792K, used 73969K [0x00000000a0000000, 0x00000000b1b00000, 0x00000000e0000000)
  object space 289792K, 25% used [0x00000000a0000000,0x00000000a483c588,0x00000000b1b00000)
 Metaspace       used 105380K, capacity 109828K, committed 110104K, reserved 1144832K
  class space    used 13665K, capacity 14605K, committed 14616K, reserved 1048576K
}

